/data/slc/anaconda3/envs/tf1/lib/python3.7/site-packages/tensorflow/python/framework/dtypes.py:526: FutureWarning: Passing (type, 1) or '1type' as a synonym of type is deprecated; in a future version of numpy, it will be understood as (type, (1,)) / '(1,)type'.
  _np_qint8 = np.dtype([("qint8", np.int8, 1)])
/data/slc/anaconda3/envs/tf1/lib/python3.7/site-packages/tensorflow/python/framework/dtypes.py:527: FutureWarning: Passing (type, 1) or '1type' as a synonym of type is deprecated; in a future version of numpy, it will be understood as (type, (1,)) / '(1,)type'.
  _np_quint8 = np.dtype([("quint8", np.uint8, 1)])
/data/slc/anaconda3/envs/tf1/lib/python3.7/site-packages/tensorflow/python/framework/dtypes.py:528: FutureWarning: Passing (type, 1) or '1type' as a synonym of type is deprecated; in a future version of numpy, it will be understood as (type, (1,)) / '(1,)type'.
  _np_qint16 = np.dtype([("qint16", np.int16, 1)])
/data/slc/anaconda3/envs/tf1/lib/python3.7/site-packages/tensorflow/python/framework/dtypes.py:529: FutureWarning: Passing (type, 1) or '1type' as a synonym of type is deprecated; in a future version of numpy, it will be understood as (type, (1,)) / '(1,)type'.
  _np_quint16 = np.dtype([("quint16", np.uint16, 1)])
/data/slc/anaconda3/envs/tf1/lib/python3.7/site-packages/tensorflow/python/framework/dtypes.py:530: FutureWarning: Passing (type, 1) or '1type' as a synonym of type is deprecated; in a future version of numpy, it will be understood as (type, (1,)) / '(1,)type'.
  _np_qint32 = np.dtype([("qint32", np.int32, 1)])
/data/slc/anaconda3/envs/tf1/lib/python3.7/site-packages/tensorflow/python/framework/dtypes.py:535: FutureWarning: Passing (type, 1) or '1type' as a synonym of type is deprecated; in a future version of numpy, it will be understood as (type, (1,)) / '(1,)type'.
  np_resource = np.dtype([("resource", np.ubyte, 1)])
task_type  train
model_dir  ./checkpoint/movielens/20220213
data_dir  ../data/movielens/
dt_dir  20220213
feature_size  92000
field_size  3
embedding_size  10
batch_size  4096
deep_layers  400,400,400
dropout  1.,1.,1.
optimizer  Adam
learning_rate  0.001
batch_norm_decay  0.9
batch_norm  True
ensemble  False
tr_files: ['../data/movielens/train.libsvm']
va_files: ['../data/movielens/valid.libsvm']
te_files: ['../data/movielens/test.libsvm']
existing model cleaned at ./checkpoint/movielens/20220213
INFO:tensorflow:Using config: {'_model_dir': './checkpoint/movielens/20220213', '_tf_random_seed': None, '_save_summary_steps': 100, '_save_checkpoints_steps': 343, '_save_checkpoints_secs': None, '_session_config': gpu_options {
  allow_growth: true
}
, '_keep_checkpoint_max': 5, '_keep_checkpoint_every_n_hours': 10000, '_log_step_count_steps': 100, '_train_distribute': None, '_device_fn': None, '_protocol': None, '_eval_distribute': None, '_experimental_distribute': None, '_service': None, '_cluster_spec': <tensorflow.python.training.server_lib.ClusterSpec object at 0x7fff21733f10>, '_task_type': 'worker', '_task_id': 0, '_global_id_in_cluster': 0, '_master': '', '_evaluation_master': '', '_is_chief': True, '_num_ps_replicas': 0, '_num_worker_replicas': 1}

WARNING: The TensorFlow contrib module will not be included in TensorFlow 2.0.
For more information, please see:
  * https://github.com/tensorflow/community/blob/master/rfcs/20180907-contrib-sunset.md
  * https://github.com/tensorflow/addons
If you depend on functionality not listed there, please file an issue.

INFO:tensorflow:Not using Distribute Coordinator.
INFO:tensorflow:Running training and evaluation locally (non-distributed).
INFO:tensorflow:Start train and evaluate loop. The evaluate will happen after every checkpoint. Checkpoint frequency is determined based on RunConfig arguments: save_checkpoints_steps 343 or save_checkpoints_secs None.
WARNING:tensorflow:From /data/slc/anaconda3/envs/tf1/lib/python3.7/site-packages/tensorflow/python/framework/op_def_library.py:263: colocate_with (from tensorflow.python.framework.ops) is deprecated and will be removed in a future version.
Instructions for updating:
Colocations handled automatically by placer.
Parsing ['../data/movielens/train.libsvm']
INFO:tensorflow:Calling model_fn.
shape of embeddings: [None, 3, 10]
[None, 10, 800]
WARNING:tensorflow:From ./AFN.py:124: calling dropout (from tensorflow.python.ops.nn_ops) with keep_prob is deprecated and will be removed in a future version.
Instructions for updating:
Please use `rate` instead of `keep_prob`. Rate should be set to `rate = 1 - keep_prob`.
WARNING:tensorflow:From /data/slc/anaconda3/envs/tf1/lib/python3.7/site-packages/tensorflow/python/ops/losses/losses_impl.py:514: to_float (from tensorflow.python.ops.math_ops) is deprecated and will be removed in a future version.
Instructions for updating:
Use tf.cast instead.
WARNING:tensorflow:From /data/slc/anaconda3/envs/tf1/lib/python3.7/site-packages/tensorflow/python/ops/metrics_impl.py:788: div (from tensorflow.python.ops.math_ops) is deprecated and will be removed in a future version.
Instructions for updating:
Deprecated in favor of operator or tf.math.divide.
WARNING:tensorflow:From /data/slc/anaconda3/envs/tf1/lib/python3.7/site-packages/tensorflow/python/ops/math_ops.py:3066: to_int32 (from tensorflow.python.ops.math_ops) is deprecated and will be removed in a future version.
Instructions for updating:
Use tf.cast instead.
INFO:tensorflow:Summary name h_lr_emb:0 is illegal; using h_lr_emb_0 instead.
INFO:tensorflow:Summary name h_lr_emb_deep:0 is illegal; using h_lr_emb_deep_0 instead.
INFO:tensorflow:Summary name fm_w:0 is illegal; using fm_w_0 instead.
INFO:tensorflow:Summary name Permutation-Layer/bn_log/beta:0 is illegal; using Permutation-Layer/bn_log/beta_0 instead.
INFO:tensorflow:Summary name Permutation-Layer/bn_log/gamma:0 is illegal; using Permutation-Layer/bn_log/gamma_0 instead.
INFO:tensorflow:Summary name Layer-1/h_lr_weights:0 is illegal; using Layer-1/h_lr_weights_0 instead.
INFO:tensorflow:Summary name Layer-1/biases:0 is illegal; using Layer-1/biases_0 instead.
INFO:tensorflow:Summary name Prediction/bn_inter/beta:0 is illegal; using Prediction/bn_inter/beta_0 instead.
INFO:tensorflow:Summary name Prediction/bn_inter/gamma:0 is illegal; using Prediction/bn_inter/gamma_0 instead.
INFO:tensorflow:Summary name Prediction/Deep-part/mlp0/weights:0 is illegal; using Prediction/Deep-part/mlp0/weights_0 instead.
INFO:tensorflow:Summary name Prediction/Deep-part/mlp0/biases:0 is illegal; using Prediction/Deep-part/mlp0/biases_0 instead.
INFO:tensorflow:Summary name Prediction/Deep-part/bn_0/beta:0 is illegal; using Prediction/Deep-part/bn_0/beta_0 instead.
INFO:tensorflow:Summary name Prediction/Deep-part/bn_0/gamma:0 is illegal; using Prediction/Deep-part/bn_0/gamma_0 instead.
INFO:tensorflow:Summary name Prediction/Deep-part/mlp1/weights:0 is illegal; using Prediction/Deep-part/mlp1/weights_0 instead.
INFO:tensorflow:Summary name Prediction/Deep-part/mlp1/biases:0 is illegal; using Prediction/Deep-part/mlp1/biases_0 instead.
INFO:tensorflow:Summary name Prediction/Deep-part/bn_1/beta:0 is illegal; using Prediction/Deep-part/bn_1/beta_0 instead.
INFO:tensorflow:Summary name Prediction/Deep-part/bn_1/gamma:0 is illegal; using Prediction/Deep-part/bn_1/gamma_0 instead.
INFO:tensorflow:Summary name Prediction/Deep-part/mlp2/weights:0 is illegal; using Prediction/Deep-part/mlp2/weights_0 instead.
INFO:tensorflow:Summary name Prediction/Deep-part/mlp2/biases:0 is illegal; using Prediction/Deep-part/mlp2/biases_0 instead.
INFO:tensorflow:Summary name Prediction/Deep-part/bn_2/beta:0 is illegal; using Prediction/Deep-part/bn_2/beta_0 instead.
INFO:tensorflow:Summary name Prediction/Deep-part/bn_2/gamma:0 is illegal; using Prediction/Deep-part/bn_2/gamma_0 instead.
INFO:tensorflow:Summary name Prediction/Deep-part/deep_out/weights:0 is illegal; using Prediction/Deep-part/deep_out/weights_0 instead.
INFO:tensorflow:Summary name Prediction/Deep-part/deep_out/biases:0 is illegal; using Prediction/Deep-part/deep_out/biases_0 instead.
INFO:tensorflow:Done calling model_fn.
INFO:tensorflow:Create CheckpointSaverHook.
INFO:tensorflow:Graph was finalized.
2022-02-14 11:56:48.860005: I tensorflow/core/platform/cpu_feature_guard.cc:141] Your CPU supports instructions that this TensorFlow binary was not compiled to use: AVX2 AVX512F FMA
2022-02-14 11:56:48.888692: I tensorflow/core/platform/profile_utils/cpu_utils.cc:94] CPU Frequency: 2400000000 Hz
2022-02-14 11:56:48.890779: I tensorflow/compiler/xla/service/service.cc:150] XLA service 0x5555598e6170 executing computations on platform Host. Devices:
2022-02-14 11:56:48.890825: I tensorflow/compiler/xla/service/service.cc:158]   StreamExecutor device (0): <undefined>, <undefined>
2022-02-14 11:56:48.999131: I tensorflow/core/common_runtime/gpu/gpu_device.cc:1433] Found device 0 with properties: 
name: GeForce RTX 2080 Ti major: 7 minor: 5 memoryClockRate(GHz): 1.545
pciBusID: 0000:86:00.0
totalMemory: 10.76GiB freeMemory: 10.21GiB
2022-02-14 11:56:48.999181: I tensorflow/core/common_runtime/gpu/gpu_device.cc:1512] Adding visible gpu devices: 0
2022-02-14 11:56:49.000266: I tensorflow/core/common_runtime/gpu/gpu_device.cc:984] Device interconnect StreamExecutor with strength 1 edge matrix:
2022-02-14 11:56:49.000283: I tensorflow/core/common_runtime/gpu/gpu_device.cc:990]      0 
2022-02-14 11:56:49.000289: I tensorflow/core/common_runtime/gpu/gpu_device.cc:1003] 0:   N 
2022-02-14 11:56:49.000365: I tensorflow/core/common_runtime/gpu/gpu_device.cc:1115] Created TensorFlow device (/job:localhost/replica:0/task:0/device:GPU:0 with 9929 MB memory) -> physical GPU (device: 0, name: GeForce RTX 2080 Ti, pci bus id: 0000:86:00.0, compute capability: 7.5)
2022-02-14 11:56:49.002846: I tensorflow/compiler/xla/service/service.cc:150] XLA service 0x55555a562300 executing computations on platform CUDA. Devices:
2022-02-14 11:56:49.002872: I tensorflow/compiler/xla/service/service.cc:158]   StreamExecutor device (0): GeForce RTX 2080 Ti, Compute Capability 7.5
INFO:tensorflow:Running local_init_op.
INFO:tensorflow:Done running local_init_op.
INFO:tensorflow:Saving checkpoints for 0 into ./checkpoint/movielens/20220213/model.ckpt.
2022-02-14 11:56:52.263120: I tensorflow/stream_executor/dso_loader.cc:152] successfully opened CUDA library libcublas.so.10.0 locally
INFO:tensorflow:loss = 0.9040281, step = 0
INFO:tensorflow:global_step/sec: 14.5482
INFO:tensorflow:loss = 0.33308998, step = 100 (6.874 sec)
INFO:tensorflow:global_step/sec: 12.9371
INFO:tensorflow:loss = 0.3084023, step = 200 (7.730 sec)
INFO:tensorflow:global_step/sec: 12.0516
INFO:tensorflow:loss = 0.3176829, step = 300 (8.297 sec)
INFO:tensorflow:Saving checkpoints for 343 into ./checkpoint/movielens/20220213/model.ckpt.
Parsing ['../data/movielens/valid.libsvm']
INFO:tensorflow:Calling model_fn.
shape of embeddings: [None, 3, 10]
[None, 10, 800]
INFO:tensorflow:Summary name h_lr_emb:0 is illegal; using h_lr_emb_0 instead.
INFO:tensorflow:Summary name h_lr_emb_deep:0 is illegal; using h_lr_emb_deep_0 instead.
INFO:tensorflow:Summary name fm_w:0 is illegal; using fm_w_0 instead.
INFO:tensorflow:Summary name Permutation-Layer/bn_log/beta:0 is illegal; using Permutation-Layer/bn_log/beta_0 instead.
INFO:tensorflow:Summary name Permutation-Layer/bn_log/gamma:0 is illegal; using Permutation-Layer/bn_log/gamma_0 instead.
INFO:tensorflow:Summary name Layer-1/h_lr_weights:0 is illegal; using Layer-1/h_lr_weights_0 instead.
INFO:tensorflow:Summary name Layer-1/biases:0 is illegal; using Layer-1/biases_0 instead.
INFO:tensorflow:Summary name Prediction/bn_inter/beta:0 is illegal; using Prediction/bn_inter/beta_0 instead.
INFO:tensorflow:Summary name Prediction/bn_inter/gamma:0 is illegal; using Prediction/bn_inter/gamma_0 instead.
INFO:tensorflow:Summary name Prediction/Deep-part/mlp0/weights:0 is illegal; using Prediction/Deep-part/mlp0/weights_0 instead.
INFO:tensorflow:Summary name Prediction/Deep-part/mlp0/biases:0 is illegal; using Prediction/Deep-part/mlp0/biases_0 instead.
INFO:tensorflow:Summary name Prediction/Deep-part/bn_0/beta:0 is illegal; using Prediction/Deep-part/bn_0/beta_0 instead.
INFO:tensorflow:Summary name Prediction/Deep-part/bn_0/gamma:0 is illegal; using Prediction/Deep-part/bn_0/gamma_0 instead.
INFO:tensorflow:Summary name Prediction/Deep-part/mlp1/weights:0 is illegal; using Prediction/Deep-part/mlp1/weights_0 instead.
INFO:tensorflow:Summary name Prediction/Deep-part/mlp1/biases:0 is illegal; using Prediction/Deep-part/mlp1/biases_0 instead.
INFO:tensorflow:Summary name Prediction/Deep-part/bn_1/beta:0 is illegal; using Prediction/Deep-part/bn_1/beta_0 instead.
INFO:tensorflow:Summary name Prediction/Deep-part/bn_1/gamma:0 is illegal; using Prediction/Deep-part/bn_1/gamma_0 instead.
INFO:tensorflow:Summary name Prediction/Deep-part/mlp2/weights:0 is illegal; using Prediction/Deep-part/mlp2/weights_0 instead.
INFO:tensorflow:Summary name Prediction/Deep-part/mlp2/biases:0 is illegal; using Prediction/Deep-part/mlp2/biases_0 instead.
INFO:tensorflow:Summary name Prediction/Deep-part/bn_2/beta:0 is illegal; using Prediction/Deep-part/bn_2/beta_0 instead.
INFO:tensorflow:Summary name Prediction/Deep-part/bn_2/gamma:0 is illegal; using Prediction/Deep-part/bn_2/gamma_0 instead.
INFO:tensorflow:Summary name Prediction/Deep-part/deep_out/weights:0 is illegal; using Prediction/Deep-part/deep_out/weights_0 instead.
INFO:tensorflow:Summary name Prediction/Deep-part/deep_out/biases:0 is illegal; using Prediction/Deep-part/deep_out/biases_0 instead.
INFO:tensorflow:Done calling model_fn.
INFO:tensorflow:Starting evaluation at 2022-02-14T03:57:33Z
INFO:tensorflow:Graph was finalized.
2022-02-14 11:57:33.703150: I tensorflow/core/common_runtime/gpu/gpu_device.cc:1512] Adding visible gpu devices: 0
2022-02-14 11:57:33.703210: I tensorflow/core/common_runtime/gpu/gpu_device.cc:984] Device interconnect StreamExecutor with strength 1 edge matrix:
2022-02-14 11:57:33.703220: I tensorflow/core/common_runtime/gpu/gpu_device.cc:990]      0 
2022-02-14 11:57:33.703227: I tensorflow/core/common_runtime/gpu/gpu_device.cc:1003] 0:   N 
2022-02-14 11:57:33.703331: I tensorflow/core/common_runtime/gpu/gpu_device.cc:1115] Created TensorFlow device (/job:localhost/replica:0/task:0/device:GPU:0 with 9929 MB memory) -> physical GPU (device: 0, name: GeForce RTX 2080 Ti, pci bus id: 0000:86:00.0, compute capability: 7.5)
WARNING:tensorflow:From /data/slc/anaconda3/envs/tf1/lib/python3.7/site-packages/tensorflow/python/training/saver.py:1266: checkpoint_exists (from tensorflow.python.training.checkpoint_management) is deprecated and will be removed in a future version.
Instructions for updating:
Use standard file APIs to check for files with this prefix.
INFO:tensorflow:Restoring parameters from ./checkpoint/movielens/20220213/model.ckpt-343
INFO:tensorflow:Running local_init_op.
INFO:tensorflow:Done running local_init_op.
INFO:tensorflow:Finished evaluation at 2022-02-14-03:57:44
INFO:tensorflow:Saving dict for global step 343: auc = 0.9311536, global_step = 343, logloss = 0.2965712, loss = 0.2965714, stop_criterion = 0.6345824
INFO:tensorflow:Saving 'checkpoint_path' summary for global step 343: ./checkpoint/movielens/20220213/model.ckpt-343
WARNING:tensorflow:From /data/slc/anaconda3/envs/tf1/lib/python3.7/site-packages/tensorflow/python/summary/summary_iterator.py:68: tf_record_iterator (from tensorflow.python.lib.io.tf_record) is deprecated and will be removed in a future version.
Instructions for updating:
Use eager execution and: 
`tf.data.TFRecordDataset(path)`
INFO:tensorflow:global_step/sec: 4.82388
INFO:tensorflow:loss = 0.27872595, step = 400 (20.737 sec)
INFO:tensorflow:global_step/sec: 18.1183
INFO:tensorflow:loss = 0.28414273, step = 500 (5.519 sec)
INFO:tensorflow:global_step/sec: 14.9342
INFO:tensorflow:loss = 0.27266252, step = 600 (6.698 sec)
INFO:tensorflow:Saving checkpoints for 686 into ./checkpoint/movielens/20220213/model.ckpt.
Parsing ['../data/movielens/valid.libsvm']
INFO:tensorflow:Calling model_fn.
shape of embeddings: [None, 3, 10]
[None, 10, 800]
INFO:tensorflow:Summary name h_lr_emb:0 is illegal; using h_lr_emb_0 instead.
INFO:tensorflow:Summary name h_lr_emb_deep:0 is illegal; using h_lr_emb_deep_0 instead.
INFO:tensorflow:Summary name fm_w:0 is illegal; using fm_w_0 instead.
INFO:tensorflow:Summary name Permutation-Layer/bn_log/beta:0 is illegal; using Permutation-Layer/bn_log/beta_0 instead.
INFO:tensorflow:Summary name Permutation-Layer/bn_log/gamma:0 is illegal; using Permutation-Layer/bn_log/gamma_0 instead.
INFO:tensorflow:Summary name Layer-1/h_lr_weights:0 is illegal; using Layer-1/h_lr_weights_0 instead.
INFO:tensorflow:Summary name Layer-1/biases:0 is illegal; using Layer-1/biases_0 instead.
INFO:tensorflow:Summary name Prediction/bn_inter/beta:0 is illegal; using Prediction/bn_inter/beta_0 instead.
INFO:tensorflow:Summary name Prediction/bn_inter/gamma:0 is illegal; using Prediction/bn_inter/gamma_0 instead.
INFO:tensorflow:Summary name Prediction/Deep-part/mlp0/weights:0 is illegal; using Prediction/Deep-part/mlp0/weights_0 instead.
INFO:tensorflow:Summary name Prediction/Deep-part/mlp0/biases:0 is illegal; using Prediction/Deep-part/mlp0/biases_0 instead.
INFO:tensorflow:Summary name Prediction/Deep-part/bn_0/beta:0 is illegal; using Prediction/Deep-part/bn_0/beta_0 instead.
INFO:tensorflow:Summary name Prediction/Deep-part/bn_0/gamma:0 is illegal; using Prediction/Deep-part/bn_0/gamma_0 instead.
INFO:tensorflow:Summary name Prediction/Deep-part/mlp1/weights:0 is illegal; using Prediction/Deep-part/mlp1/weights_0 instead.
INFO:tensorflow:Summary name Prediction/Deep-part/mlp1/biases:0 is illegal; using Prediction/Deep-part/mlp1/biases_0 instead.
INFO:tensorflow:Summary name Prediction/Deep-part/bn_1/beta:0 is illegal; using Prediction/Deep-part/bn_1/beta_0 instead.
INFO:tensorflow:Summary name Prediction/Deep-part/bn_1/gamma:0 is illegal; using Prediction/Deep-part/bn_1/gamma_0 instead.
INFO:tensorflow:Summary name Prediction/Deep-part/mlp2/weights:0 is illegal; using Prediction/Deep-part/mlp2/weights_0 instead.
INFO:tensorflow:Summary name Prediction/Deep-part/mlp2/biases:0 is illegal; using Prediction/Deep-part/mlp2/biases_0 instead.
INFO:tensorflow:Summary name Prediction/Deep-part/bn_2/beta:0 is illegal; using Prediction/Deep-part/bn_2/beta_0 instead.
INFO:tensorflow:Summary name Prediction/Deep-part/bn_2/gamma:0 is illegal; using Prediction/Deep-part/bn_2/gamma_0 instead.
INFO:tensorflow:Summary name Prediction/Deep-part/deep_out/weights:0 is illegal; using Prediction/Deep-part/deep_out/weights_0 instead.
INFO:tensorflow:Summary name Prediction/Deep-part/deep_out/biases:0 is illegal; using Prediction/Deep-part/deep_out/biases_0 instead.
INFO:tensorflow:Done calling model_fn.
INFO:tensorflow:Starting evaluation at 2022-02-14T03:58:09Z
INFO:tensorflow:Graph was finalized.
2022-02-14 11:58:09.615024: I tensorflow/core/common_runtime/gpu/gpu_device.cc:1512] Adding visible gpu devices: 0
2022-02-14 11:58:09.615083: I tensorflow/core/common_runtime/gpu/gpu_device.cc:984] Device interconnect StreamExecutor with strength 1 edge matrix:
2022-02-14 11:58:09.615090: I tensorflow/core/common_runtime/gpu/gpu_device.cc:990]      0 
2022-02-14 11:58:09.615095: I tensorflow/core/common_runtime/gpu/gpu_device.cc:1003] 0:   N 
2022-02-14 11:58:09.615272: I tensorflow/core/common_runtime/gpu/gpu_device.cc:1115] Created TensorFlow device (/job:localhost/replica:0/task:0/device:GPU:0 with 9929 MB memory) -> physical GPU (device: 0, name: GeForce RTX 2080 Ti, pci bus id: 0000:86:00.0, compute capability: 7.5)
INFO:tensorflow:Restoring parameters from ./checkpoint/movielens/20220213/model.ckpt-686
INFO:tensorflow:Running local_init_op.
INFO:tensorflow:Done running local_init_op.
INFO:tensorflow:Finished evaluation at 2022-02-14-03:58:19
INFO:tensorflow:Saving dict for global step 686: auc = 0.9414805, global_step = 686, logloss = 0.27474666, loss = 0.27474695, stop_criterion = 0.66673386
INFO:tensorflow:Saving 'checkpoint_path' summary for global step 686: ./checkpoint/movielens/20220213/model.ckpt-686
INFO:tensorflow:global_step/sec: 4.89701
INFO:tensorflow:loss = 0.2531753, step = 700 (20.419 sec)
INFO:tensorflow:global_step/sec: 20.1179
INFO:tensorflow:loss = 0.24106339, step = 800 (4.970 sec)
INFO:tensorflow:global_step/sec: 22.4015
INFO:tensorflow:loss = 0.2263204, step = 900 (4.464 sec)
INFO:tensorflow:global_step/sec: 14.4676
INFO:tensorflow:loss = 0.2310719, step = 1000 (6.913 sec)
INFO:tensorflow:Saving checkpoints for 1029 into ./checkpoint/movielens/20220213/model.ckpt.
Parsing ['../data/movielens/valid.libsvm']
INFO:tensorflow:Calling model_fn.
shape of embeddings: [None, 3, 10]
[None, 10, 800]
INFO:tensorflow:Summary name h_lr_emb:0 is illegal; using h_lr_emb_0 instead.
INFO:tensorflow:Summary name h_lr_emb_deep:0 is illegal; using h_lr_emb_deep_0 instead.
INFO:tensorflow:Summary name fm_w:0 is illegal; using fm_w_0 instead.
INFO:tensorflow:Summary name Permutation-Layer/bn_log/beta:0 is illegal; using Permutation-Layer/bn_log/beta_0 instead.
INFO:tensorflow:Summary name Permutation-Layer/bn_log/gamma:0 is illegal; using Permutation-Layer/bn_log/gamma_0 instead.
INFO:tensorflow:Summary name Layer-1/h_lr_weights:0 is illegal; using Layer-1/h_lr_weights_0 instead.
INFO:tensorflow:Summary name Layer-1/biases:0 is illegal; using Layer-1/biases_0 instead.
INFO:tensorflow:Summary name Prediction/bn_inter/beta:0 is illegal; using Prediction/bn_inter/beta_0 instead.
INFO:tensorflow:Summary name Prediction/bn_inter/gamma:0 is illegal; using Prediction/bn_inter/gamma_0 instead.
INFO:tensorflow:Summary name Prediction/Deep-part/mlp0/weights:0 is illegal; using Prediction/Deep-part/mlp0/weights_0 instead.
INFO:tensorflow:Summary name Prediction/Deep-part/mlp0/biases:0 is illegal; using Prediction/Deep-part/mlp0/biases_0 instead.
INFO:tensorflow:Summary name Prediction/Deep-part/bn_0/beta:0 is illegal; using Prediction/Deep-part/bn_0/beta_0 instead.
INFO:tensorflow:Summary name Prediction/Deep-part/bn_0/gamma:0 is illegal; using Prediction/Deep-part/bn_0/gamma_0 instead.
INFO:tensorflow:Summary name Prediction/Deep-part/mlp1/weights:0 is illegal; using Prediction/Deep-part/mlp1/weights_0 instead.
INFO:tensorflow:Summary name Prediction/Deep-part/mlp1/biases:0 is illegal; using Prediction/Deep-part/mlp1/biases_0 instead.
INFO:tensorflow:Summary name Prediction/Deep-part/bn_1/beta:0 is illegal; using Prediction/Deep-part/bn_1/beta_0 instead.
INFO:tensorflow:Summary name Prediction/Deep-part/bn_1/gamma:0 is illegal; using Prediction/Deep-part/bn_1/gamma_0 instead.
INFO:tensorflow:Summary name Prediction/Deep-part/mlp2/weights:0 is illegal; using Prediction/Deep-part/mlp2/weights_0 instead.
INFO:tensorflow:Summary name Prediction/Deep-part/mlp2/biases:0 is illegal; using Prediction/Deep-part/mlp2/biases_0 instead.
INFO:tensorflow:Summary name Prediction/Deep-part/bn_2/beta:0 is illegal; using Prediction/Deep-part/bn_2/beta_0 instead.
INFO:tensorflow:Summary name Prediction/Deep-part/bn_2/gamma:0 is illegal; using Prediction/Deep-part/bn_2/gamma_0 instead.
INFO:tensorflow:Summary name Prediction/Deep-part/deep_out/weights:0 is illegal; using Prediction/Deep-part/deep_out/weights_0 instead.
INFO:tensorflow:Summary name Prediction/Deep-part/deep_out/biases:0 is illegal; using Prediction/Deep-part/deep_out/biases_0 instead.
INFO:tensorflow:Done calling model_fn.
INFO:tensorflow:Starting evaluation at 2022-02-14T03:58:41Z
INFO:tensorflow:Graph was finalized.
2022-02-14 11:58:41.318532: I tensorflow/core/common_runtime/gpu/gpu_device.cc:1512] Adding visible gpu devices: 0
2022-02-14 11:58:41.318589: I tensorflow/core/common_runtime/gpu/gpu_device.cc:984] Device interconnect StreamExecutor with strength 1 edge matrix:
2022-02-14 11:58:41.318596: I tensorflow/core/common_runtime/gpu/gpu_device.cc:990]      0 
2022-02-14 11:58:41.318601: I tensorflow/core/common_runtime/gpu/gpu_device.cc:1003] 0:   N 
2022-02-14 11:58:41.318685: I tensorflow/core/common_runtime/gpu/gpu_device.cc:1115] Created TensorFlow device (/job:localhost/replica:0/task:0/device:GPU:0 with 9929 MB memory) -> physical GPU (device: 0, name: GeForce RTX 2080 Ti, pci bus id: 0000:86:00.0, compute capability: 7.5)
INFO:tensorflow:Restoring parameters from ./checkpoint/movielens/20220213/model.ckpt-1029
INFO:tensorflow:Running local_init_op.
INFO:tensorflow:Done running local_init_op.
INFO:tensorflow:Finished evaluation at 2022-02-14-03:58:53
INFO:tensorflow:Saving dict for global step 1029: auc = 0.94463336, global_step = 1029, logloss = 0.2690705, loss = 0.26907086, stop_criterion = 0.67556286
INFO:tensorflow:Saving 'checkpoint_path' summary for global step 1029: ./checkpoint/movielens/20220213/model.ckpt-1029
INFO:tensorflow:global_step/sec: 5.07612
INFO:tensorflow:loss = 0.20605701, step = 1100 (19.700 sec)
INFO:tensorflow:global_step/sec: 22.1207
INFO:tensorflow:loss = 0.20971611, step = 1200 (4.519 sec)
INFO:tensorflow:global_step/sec: 17.0048
INFO:tensorflow:loss = 0.20460974, step = 1300 (5.882 sec)
INFO:tensorflow:Saving checkpoints for 1372 into ./checkpoint/movielens/20220213/model.ckpt.
Parsing ['../data/movielens/valid.libsvm']
INFO:tensorflow:Calling model_fn.
shape of embeddings: [None, 3, 10]
[None, 10, 800]
INFO:tensorflow:Summary name h_lr_emb:0 is illegal; using h_lr_emb_0 instead.
INFO:tensorflow:Summary name h_lr_emb_deep:0 is illegal; using h_lr_emb_deep_0 instead.
INFO:tensorflow:Summary name fm_w:0 is illegal; using fm_w_0 instead.
INFO:tensorflow:Summary name Permutation-Layer/bn_log/beta:0 is illegal; using Permutation-Layer/bn_log/beta_0 instead.
INFO:tensorflow:Summary name Permutation-Layer/bn_log/gamma:0 is illegal; using Permutation-Layer/bn_log/gamma_0 instead.
INFO:tensorflow:Summary name Layer-1/h_lr_weights:0 is illegal; using Layer-1/h_lr_weights_0 instead.
INFO:tensorflow:Summary name Layer-1/biases:0 is illegal; using Layer-1/biases_0 instead.
INFO:tensorflow:Summary name Prediction/bn_inter/beta:0 is illegal; using Prediction/bn_inter/beta_0 instead.
INFO:tensorflow:Summary name Prediction/bn_inter/gamma:0 is illegal; using Prediction/bn_inter/gamma_0 instead.
INFO:tensorflow:Summary name Prediction/Deep-part/mlp0/weights:0 is illegal; using Prediction/Deep-part/mlp0/weights_0 instead.
INFO:tensorflow:Summary name Prediction/Deep-part/mlp0/biases:0 is illegal; using Prediction/Deep-part/mlp0/biases_0 instead.
INFO:tensorflow:Summary name Prediction/Deep-part/bn_0/beta:0 is illegal; using Prediction/Deep-part/bn_0/beta_0 instead.
INFO:tensorflow:Summary name Prediction/Deep-part/bn_0/gamma:0 is illegal; using Prediction/Deep-part/bn_0/gamma_0 instead.
INFO:tensorflow:Summary name Prediction/Deep-part/mlp1/weights:0 is illegal; using Prediction/Deep-part/mlp1/weights_0 instead.
INFO:tensorflow:Summary name Prediction/Deep-part/mlp1/biases:0 is illegal; using Prediction/Deep-part/mlp1/biases_0 instead.
INFO:tensorflow:Summary name Prediction/Deep-part/bn_1/beta:0 is illegal; using Prediction/Deep-part/bn_1/beta_0 instead.
INFO:tensorflow:Summary name Prediction/Deep-part/bn_1/gamma:0 is illegal; using Prediction/Deep-part/bn_1/gamma_0 instead.
INFO:tensorflow:Summary name Prediction/Deep-part/mlp2/weights:0 is illegal; using Prediction/Deep-part/mlp2/weights_0 instead.
INFO:tensorflow:Summary name Prediction/Deep-part/mlp2/biases:0 is illegal; using Prediction/Deep-part/mlp2/biases_0 instead.
INFO:tensorflow:Summary name Prediction/Deep-part/bn_2/beta:0 is illegal; using Prediction/Deep-part/bn_2/beta_0 instead.
INFO:tensorflow:Summary name Prediction/Deep-part/bn_2/gamma:0 is illegal; using Prediction/Deep-part/bn_2/gamma_0 instead.
INFO:tensorflow:Summary name Prediction/Deep-part/deep_out/weights:0 is illegal; using Prediction/Deep-part/deep_out/weights_0 instead.
INFO:tensorflow:Summary name Prediction/Deep-part/deep_out/biases:0 is illegal; using Prediction/Deep-part/deep_out/biases_0 instead.
INFO:tensorflow:Done calling model_fn.
INFO:tensorflow:Starting evaluation at 2022-02-14T03:59:14Z
INFO:tensorflow:Graph was finalized.
2022-02-14 11:59:14.284240: I tensorflow/core/common_runtime/gpu/gpu_device.cc:1512] Adding visible gpu devices: 0
2022-02-14 11:59:14.284298: I tensorflow/core/common_runtime/gpu/gpu_device.cc:984] Device interconnect StreamExecutor with strength 1 edge matrix:
2022-02-14 11:59:14.284307: I tensorflow/core/common_runtime/gpu/gpu_device.cc:990]      0 
2022-02-14 11:59:14.284313: I tensorflow/core/common_runtime/gpu/gpu_device.cc:1003] 0:   N 
2022-02-14 11:59:14.284398: I tensorflow/core/common_runtime/gpu/gpu_device.cc:1115] Created TensorFlow device (/job:localhost/replica:0/task:0/device:GPU:0 with 9929 MB memory) -> physical GPU (device: 0, name: GeForce RTX 2080 Ti, pci bus id: 0000:86:00.0, compute capability: 7.5)
INFO:tensorflow:Restoring parameters from ./checkpoint/movielens/20220213/model.ckpt-1372
INFO:tensorflow:Running local_init_op.
INFO:tensorflow:Done running local_init_op.
INFO:tensorflow:Finished evaluation at 2022-02-14-03:59:24
INFO:tensorflow:Saving dict for global step 1372: auc = 0.9465055, global_step = 1372, logloss = 0.26893815, loss = 0.26893967, stop_criterion = 0.67756736
INFO:tensorflow:Saving 'checkpoint_path' summary for global step 1372: ./checkpoint/movielens/20220213/model.ckpt-1372
INFO:tensorflow:global_step/sec: 5.36818
INFO:tensorflow:loss = 0.16597581, step = 1400 (18.627 sec)
INFO:tensorflow:global_step/sec: 20.3122
INFO:tensorflow:loss = 0.18008019, step = 1500 (4.923 sec)
INFO:tensorflow:global_step/sec: 20.9093
INFO:tensorflow:loss = 0.16578375, step = 1600 (4.784 sec)
INFO:tensorflow:global_step/sec: 14.8135
INFO:tensorflow:loss = 0.17291506, step = 1700 (6.750 sec)
INFO:tensorflow:Saving checkpoints for 1715 into ./checkpoint/movielens/20220213/model.ckpt.
WARNING:tensorflow:From /data/slc/anaconda3/envs/tf1/lib/python3.7/site-packages/tensorflow/python/training/saver.py:966: remove_checkpoint (from tensorflow.python.training.checkpoint_management) is deprecated and will be removed in a future version.
Instructions for updating:
Use standard file APIs to delete files with this prefix.
Parsing ['../data/movielens/valid.libsvm']
INFO:tensorflow:Calling model_fn.
shape of embeddings: [None, 3, 10]
[None, 10, 800]
INFO:tensorflow:Summary name h_lr_emb:0 is illegal; using h_lr_emb_0 instead.
INFO:tensorflow:Summary name h_lr_emb_deep:0 is illegal; using h_lr_emb_deep_0 instead.
INFO:tensorflow:Summary name fm_w:0 is illegal; using fm_w_0 instead.
INFO:tensorflow:Summary name Permutation-Layer/bn_log/beta:0 is illegal; using Permutation-Layer/bn_log/beta_0 instead.
INFO:tensorflow:Summary name Permutation-Layer/bn_log/gamma:0 is illegal; using Permutation-Layer/bn_log/gamma_0 instead.
INFO:tensorflow:Summary name Layer-1/h_lr_weights:0 is illegal; using Layer-1/h_lr_weights_0 instead.
INFO:tensorflow:Summary name Layer-1/biases:0 is illegal; using Layer-1/biases_0 instead.
INFO:tensorflow:Summary name Prediction/bn_inter/beta:0 is illegal; using Prediction/bn_inter/beta_0 instead.
INFO:tensorflow:Summary name Prediction/bn_inter/gamma:0 is illegal; using Prediction/bn_inter/gamma_0 instead.
INFO:tensorflow:Summary name Prediction/Deep-part/mlp0/weights:0 is illegal; using Prediction/Deep-part/mlp0/weights_0 instead.
INFO:tensorflow:Summary name Prediction/Deep-part/mlp0/biases:0 is illegal; using Prediction/Deep-part/mlp0/biases_0 instead.
INFO:tensorflow:Summary name Prediction/Deep-part/bn_0/beta:0 is illegal; using Prediction/Deep-part/bn_0/beta_0 instead.
INFO:tensorflow:Summary name Prediction/Deep-part/bn_0/gamma:0 is illegal; using Prediction/Deep-part/bn_0/gamma_0 instead.
INFO:tensorflow:Summary name Prediction/Deep-part/mlp1/weights:0 is illegal; using Prediction/Deep-part/mlp1/weights_0 instead.
INFO:tensorflow:Summary name Prediction/Deep-part/mlp1/biases:0 is illegal; using Prediction/Deep-part/mlp1/biases_0 instead.
INFO:tensorflow:Summary name Prediction/Deep-part/bn_1/beta:0 is illegal; using Prediction/Deep-part/bn_1/beta_0 instead.
INFO:tensorflow:Summary name Prediction/Deep-part/bn_1/gamma:0 is illegal; using Prediction/Deep-part/bn_1/gamma_0 instead.
INFO:tensorflow:Summary name Prediction/Deep-part/mlp2/weights:0 is illegal; using Prediction/Deep-part/mlp2/weights_0 instead.
INFO:tensorflow:Summary name Prediction/Deep-part/mlp2/biases:0 is illegal; using Prediction/Deep-part/mlp2/biases_0 instead.
INFO:tensorflow:Summary name Prediction/Deep-part/bn_2/beta:0 is illegal; using Prediction/Deep-part/bn_2/beta_0 instead.
INFO:tensorflow:Summary name Prediction/Deep-part/bn_2/gamma:0 is illegal; using Prediction/Deep-part/bn_2/gamma_0 instead.
INFO:tensorflow:Summary name Prediction/Deep-part/deep_out/weights:0 is illegal; using Prediction/Deep-part/deep_out/weights_0 instead.
INFO:tensorflow:Summary name Prediction/Deep-part/deep_out/biases:0 is illegal; using Prediction/Deep-part/deep_out/biases_0 instead.
INFO:tensorflow:Done calling model_fn.
INFO:tensorflow:Starting evaluation at 2022-02-14T03:59:45Z
INFO:tensorflow:Graph was finalized.
2022-02-14 11:59:45.906954: I tensorflow/core/common_runtime/gpu/gpu_device.cc:1512] Adding visible gpu devices: 0
2022-02-14 11:59:45.907007: I tensorflow/core/common_runtime/gpu/gpu_device.cc:984] Device interconnect StreamExecutor with strength 1 edge matrix:
2022-02-14 11:59:45.907013: I tensorflow/core/common_runtime/gpu/gpu_device.cc:990]      0 
2022-02-14 11:59:45.907018: I tensorflow/core/common_runtime/gpu/gpu_device.cc:1003] 0:   N 
2022-02-14 11:59:45.907088: I tensorflow/core/common_runtime/gpu/gpu_device.cc:1115] Created TensorFlow device (/job:localhost/replica:0/task:0/device:GPU:0 with 9929 MB memory) -> physical GPU (device: 0, name: GeForce RTX 2080 Ti, pci bus id: 0000:86:00.0, compute capability: 7.5)
INFO:tensorflow:Restoring parameters from ./checkpoint/movielens/20220213/model.ckpt-1715
INFO:tensorflow:Running local_init_op.
INFO:tensorflow:Done running local_init_op.
INFO:tensorflow:Finished evaluation at 2022-02-14-03:59:57
INFO:tensorflow:Saving dict for global step 1715: auc = 0.94685894, global_step = 1715, logloss = 0.2835047, loss = 0.28351912, stop_criterion = 0.6633543
INFO:tensorflow:Saving 'checkpoint_path' summary for global step 1715: ./checkpoint/movielens/20220213/model.ckpt-1715
INFO:tensorflow:No increase in metric "stop_criterion" for 343 steps, which is greater than or equal to max steps (342) configured for early stopping.
INFO:tensorflow:Requesting early stopping at global step 1720
INFO:tensorflow:Saving checkpoints for 1721 into ./checkpoint/movielens/20220213/model.ckpt.
Parsing ['../data/movielens/valid.libsvm']
INFO:tensorflow:Calling model_fn.
shape of embeddings: [None, 3, 10]
[None, 10, 800]
INFO:tensorflow:Summary name h_lr_emb:0 is illegal; using h_lr_emb_0 instead.
INFO:tensorflow:Summary name h_lr_emb_deep:0 is illegal; using h_lr_emb_deep_0 instead.
INFO:tensorflow:Summary name fm_w:0 is illegal; using fm_w_0 instead.
INFO:tensorflow:Summary name Permutation-Layer/bn_log/beta:0 is illegal; using Permutation-Layer/bn_log/beta_0 instead.
INFO:tensorflow:Summary name Permutation-Layer/bn_log/gamma:0 is illegal; using Permutation-Layer/bn_log/gamma_0 instead.
INFO:tensorflow:Summary name Layer-1/h_lr_weights:0 is illegal; using Layer-1/h_lr_weights_0 instead.
INFO:tensorflow:Summary name Layer-1/biases:0 is illegal; using Layer-1/biases_0 instead.
INFO:tensorflow:Summary name Prediction/bn_inter/beta:0 is illegal; using Prediction/bn_inter/beta_0 instead.
INFO:tensorflow:Summary name Prediction/bn_inter/gamma:0 is illegal; using Prediction/bn_inter/gamma_0 instead.
INFO:tensorflow:Summary name Prediction/Deep-part/mlp0/weights:0 is illegal; using Prediction/Deep-part/mlp0/weights_0 instead.
INFO:tensorflow:Summary name Prediction/Deep-part/mlp0/biases:0 is illegal; using Prediction/Deep-part/mlp0/biases_0 instead.
INFO:tensorflow:Summary name Prediction/Deep-part/bn_0/beta:0 is illegal; using Prediction/Deep-part/bn_0/beta_0 instead.
INFO:tensorflow:Summary name Prediction/Deep-part/bn_0/gamma:0 is illegal; using Prediction/Deep-part/bn_0/gamma_0 instead.
INFO:tensorflow:Summary name Prediction/Deep-part/mlp1/weights:0 is illegal; using Prediction/Deep-part/mlp1/weights_0 instead.
INFO:tensorflow:Summary name Prediction/Deep-part/mlp1/biases:0 is illegal; using Prediction/Deep-part/mlp1/biases_0 instead.
INFO:tensorflow:Summary name Prediction/Deep-part/bn_1/beta:0 is illegal; using Prediction/Deep-part/bn_1/beta_0 instead.
INFO:tensorflow:Summary name Prediction/Deep-part/bn_1/gamma:0 is illegal; using Prediction/Deep-part/bn_1/gamma_0 instead.
INFO:tensorflow:Summary name Prediction/Deep-part/mlp2/weights:0 is illegal; using Prediction/Deep-part/mlp2/weights_0 instead.
INFO:tensorflow:Summary name Prediction/Deep-part/mlp2/biases:0 is illegal; using Prediction/Deep-part/mlp2/biases_0 instead.
INFO:tensorflow:Summary name Prediction/Deep-part/bn_2/beta:0 is illegal; using Prediction/Deep-part/bn_2/beta_0 instead.
INFO:tensorflow:Summary name Prediction/Deep-part/bn_2/gamma:0 is illegal; using Prediction/Deep-part/bn_2/gamma_0 instead.
INFO:tensorflow:Summary name Prediction/Deep-part/deep_out/weights:0 is illegal; using Prediction/Deep-part/deep_out/weights_0 instead.
INFO:tensorflow:Summary name Prediction/Deep-part/deep_out/biases:0 is illegal; using Prediction/Deep-part/deep_out/biases_0 instead.
INFO:tensorflow:Done calling model_fn.
INFO:tensorflow:Starting evaluation at 2022-02-14T03:59:59Z
INFO:tensorflow:Graph was finalized.
2022-02-14 12:00:00.064005: I tensorflow/core/common_runtime/gpu/gpu_device.cc:1512] Adding visible gpu devices: 0
2022-02-14 12:00:00.064057: I tensorflow/core/common_runtime/gpu/gpu_device.cc:984] Device interconnect StreamExecutor with strength 1 edge matrix:
2022-02-14 12:00:00.064063: I tensorflow/core/common_runtime/gpu/gpu_device.cc:990]      0 
2022-02-14 12:00:00.064069: I tensorflow/core/common_runtime/gpu/gpu_device.cc:1003] 0:   N 
2022-02-14 12:00:00.064138: I tensorflow/core/common_runtime/gpu/gpu_device.cc:1115] Created TensorFlow device (/job:localhost/replica:0/task:0/device:GPU:0 with 9929 MB memory) -> physical GPU (device: 0, name: GeForce RTX 2080 Ti, pci bus id: 0000:86:00.0, compute capability: 7.5)
INFO:tensorflow:Restoring parameters from ./checkpoint/movielens/20220213/model.ckpt-1721
INFO:tensorflow:Running local_init_op.
INFO:tensorflow:Done running local_init_op.
INFO:tensorflow:Finished evaluation at 2022-02-14-04:00:07
INFO:tensorflow:Saving dict for global step 1721: auc = 0.9455987, global_step = 1721, logloss = 0.29130036, loss = 0.2913237, stop_criterion = 0.65429837
INFO:tensorflow:Saving 'checkpoint_path' summary for global step 1721: ./checkpoint/movielens/20220213/model.ckpt-1721
INFO:tensorflow:Loss for final step: 0.1396264.
Early stopped, start evaluation...
Parsing ['../data/movielens/test.libsvm']
INFO:tensorflow:Calling model_fn.
shape of embeddings: [None, 3, 10]
[None, 10, 800]
INFO:tensorflow:Summary name h_lr_emb:0 is illegal; using h_lr_emb_0 instead.
INFO:tensorflow:Summary name h_lr_emb_deep:0 is illegal; using h_lr_emb_deep_0 instead.
INFO:tensorflow:Summary name fm_w:0 is illegal; using fm_w_0 instead.
INFO:tensorflow:Summary name Permutation-Layer/bn_log/beta:0 is illegal; using Permutation-Layer/bn_log/beta_0 instead.
INFO:tensorflow:Summary name Permutation-Layer/bn_log/gamma:0 is illegal; using Permutation-Layer/bn_log/gamma_0 instead.
INFO:tensorflow:Summary name Layer-1/h_lr_weights:0 is illegal; using Layer-1/h_lr_weights_0 instead.
INFO:tensorflow:Summary name Layer-1/biases:0 is illegal; using Layer-1/biases_0 instead.
INFO:tensorflow:Summary name Prediction/bn_inter/beta:0 is illegal; using Prediction/bn_inter/beta_0 instead.
INFO:tensorflow:Summary name Prediction/bn_inter/gamma:0 is illegal; using Prediction/bn_inter/gamma_0 instead.
INFO:tensorflow:Summary name Prediction/Deep-part/mlp0/weights:0 is illegal; using Prediction/Deep-part/mlp0/weights_0 instead.
INFO:tensorflow:Summary name Prediction/Deep-part/mlp0/biases:0 is illegal; using Prediction/Deep-part/mlp0/biases_0 instead.
INFO:tensorflow:Summary name Prediction/Deep-part/bn_0/beta:0 is illegal; using Prediction/Deep-part/bn_0/beta_0 instead.
INFO:tensorflow:Summary name Prediction/Deep-part/bn_0/gamma:0 is illegal; using Prediction/Deep-part/bn_0/gamma_0 instead.
INFO:tensorflow:Summary name Prediction/Deep-part/mlp1/weights:0 is illegal; using Prediction/Deep-part/mlp1/weights_0 instead.
INFO:tensorflow:Summary name Prediction/Deep-part/mlp1/biases:0 is illegal; using Prediction/Deep-part/mlp1/biases_0 instead.
INFO:tensorflow:Summary name Prediction/Deep-part/bn_1/beta:0 is illegal; using Prediction/Deep-part/bn_1/beta_0 instead.
INFO:tensorflow:Summary name Prediction/Deep-part/bn_1/gamma:0 is illegal; using Prediction/Deep-part/bn_1/gamma_0 instead.
INFO:tensorflow:Summary name Prediction/Deep-part/mlp2/weights:0 is illegal; using Prediction/Deep-part/mlp2/weights_0 instead.
INFO:tensorflow:Summary name Prediction/Deep-part/mlp2/biases:0 is illegal; using Prediction/Deep-part/mlp2/biases_0 instead.
INFO:tensorflow:Summary name Prediction/Deep-part/bn_2/beta:0 is illegal; using Prediction/Deep-part/bn_2/beta_0 instead.
INFO:tensorflow:Summary name Prediction/Deep-part/bn_2/gamma:0 is illegal; using Prediction/Deep-part/bn_2/gamma_0 instead.
INFO:tensorflow:Summary name Prediction/Deep-part/deep_out/weights:0 is illegal; using Prediction/Deep-part/deep_out/weights_0 instead.
INFO:tensorflow:Summary name Prediction/Deep-part/deep_out/biases:0 is illegal; using Prediction/Deep-part/deep_out/biases_0 instead.
INFO:tensorflow:Done calling model_fn.
INFO:tensorflow:Starting evaluation at 2022-02-14T04:00:10Z
INFO:tensorflow:Graph was finalized.
2022-02-14 12:00:10.713899: I tensorflow/core/common_runtime/gpu/gpu_device.cc:1512] Adding visible gpu devices: 0
2022-02-14 12:00:10.713949: I tensorflow/core/common_runtime/gpu/gpu_device.cc:984] Device interconnect StreamExecutor with strength 1 edge matrix:
2022-02-14 12:00:10.713956: I tensorflow/core/common_runtime/gpu/gpu_device.cc:990]      0 
2022-02-14 12:00:10.713961: I tensorflow/core/common_runtime/gpu/gpu_device.cc:1003] 0:   N 
2022-02-14 12:00:10.714029: I tensorflow/core/common_runtime/gpu/gpu_device.cc:1115] Created TensorFlow device (/job:localhost/replica:0/task:0/device:GPU:0 with 9929 MB memory) -> physical GPU (device: 0, name: GeForce RTX 2080 Ti, pci bus id: 0000:86:00.0, compute capability: 7.5)
INFO:tensorflow:Restoring parameters from ./checkpoint/movielens/20220213/model.ckpt-1372
INFO:tensorflow:Running local_init_op.
INFO:tensorflow:Done running local_init_op.
INFO:tensorflow:Finished evaluation at 2022-02-14-04:00:15
INFO:tensorflow:Saving dict for global step 1372: auc = 0.946213, global_step = 1372, logloss = 0.26950058, loss = 0.2695026, stop_criterion = 0.6767124
INFO:tensorflow:Saving 'checkpoint_path' summary for global step 1372: ./checkpoint/movielens/20220213/model.ckpt-1372
